{"D:\\Applications\\Personal\\Node\\node-boardingpass-sorter\\app.ts": {"path":"D:\\Applications\\Personal\\Node\\node-boardingpass-sorter\\app.ts","statementMap":{"0":{"start":{"line":1,"column":0},"end":{"line":1,"column":62}},"1":{"start":{"line":2,"column":0},"end":{"line":2,"column":55}},"2":{"start":{"line":4,"column":21},"end":{"line":4,"column":30}},"3":{"start":{"line":7,"column":0},"end":{"line":7,"column":null}},"4":{"start":{"line":8,"column":0},"end":{"line":8,"column":null}},"5":{"start":{"line":10,"column":0},"end":{"line":12,"column":3}},"6":{"start":{"line":11,"column":2},"end":{"line":11,"column":42}},"7":{"start":{"line":14,"column":0},"end":{"line":14,"column":null}}},"fnMap":{"0":{"name":"(anonymous_1)","decl":{"start":{"line":10,"column":13},"end":{"line":10,"column":14}},"loc":{"start":{"line":10,"column":45},"end":{"line":12,"column":1}}}},"branchMap":{},"s":{"0":1,"1":1,"2":1,"3":1,"4":1,"5":1,"6":0,"7":1},"f":{"0":0},"b":{}}
,"D:\\Applications\\Personal\\Node\\node-boardingpass-sorter\\dist\\app.js": {"path":"D:\\Applications\\Personal\\Node\\node-boardingpass-sorter\\dist\\app.js","statementMap":{"0":{"start":{"line":2,"column":22},"end":{"line":4,"column":1}},"1":{"start":{"line":3,"column":4},"end":{"line":3,"column":62}},"2":{"start":{"line":5,"column":0},"end":{"line":5,"column":62}},"3":{"start":{"line":6,"column":18},"end":{"line":6,"column":53}},"4":{"start":{"line":7,"column":27},"end":{"line":7,"column":85}},"5":{"start":{"line":8,"column":12},"end":{"line":8,"column":36}},"6":{"start":{"line":10,"column":0},"end":{"line":10,"column":34}},"7":{"start":{"line":11,"column":0},"end":{"line":11,"column":36}},"8":{"start":{"line":12,"column":0},"end":{"line":14,"column":3}},"9":{"start":{"line":13,"column":4},"end":{"line":13,"column":44}},"10":{"start":{"line":15,"column":0},"end":{"line":15,"column":22}}},"fnMap":{"0":{"name":"(anonymous_0)","decl":{"start":{"line":2,"column":56},"end":{"line":2,"column":57}},"loc":{"start":{"line":2,"column":71},"end":{"line":4,"column":1}},"line":2},"1":{"name":"(anonymous_1)","decl":{"start":{"line":12,"column":13},"end":{"line":12,"column":14}},"loc":{"start":{"line":12,"column":27},"end":{"line":14,"column":1}},"line":12}},"branchMap":{"0":{"loc":{"start":{"line":2,"column":22},"end":{"line":4,"column":1}},"type":"binary-expr","locations":[{"start":{"line":2,"column":23},"end":{"line":2,"column":27}},{"start":{"line":2,"column":31},"end":{"line":2,"column":51}},{"start":{"line":2,"column":56},"end":{"line":4,"column":1}}],"line":2},"1":{"loc":{"start":{"line":3,"column":11},"end":{"line":3,"column":61}},"type":"cond-expr","locations":[{"start":{"line":3,"column":37},"end":{"line":3,"column":40}},{"start":{"line":3,"column":43},"end":{"line":3,"column":61}}],"line":3},"2":{"loc":{"start":{"line":3,"column":12},"end":{"line":3,"column":33}},"type":"binary-expr","locations":[{"start":{"line":3,"column":12},"end":{"line":3,"column":15}},{"start":{"line":3,"column":19},"end":{"line":3,"column":33}}],"line":3}},"s":{"0":1,"1":2,"2":1,"3":1,"4":1,"5":1,"6":1,"7":1,"8":1,"9":0,"10":1},"f":{"0":2,"1":0},"b":{"0":[1,1,1],"1":[1,1],"2":[2,2]},"inputSourceMap":null,"_coverageSchema":"1a1c01bbd47fc00a2c39e90264f33305004495a9","hash":"4fa22bf6172af7dbd778b7ff9aa0f58b0c821a5f"}
,"D:\\Applications\\Personal\\Node\\node-boardingpass-sorter\\dist\\src\\middleware\\auth.js": {"path":"D:\\Applications\\Personal\\Node\\node-boardingpass-sorter\\dist\\src\\middleware\\auth.js","statementMap":{"0":{"start":{"line":2,"column":22},"end":{"line":4,"column":1}},"1":{"start":{"line":3,"column":4},"end":{"line":3,"column":62}},"2":{"start":{"line":5,"column":0},"end":{"line":5,"column":62}},"3":{"start":{"line":6,"column":23},"end":{"line":6,"column":63}},"4":{"start":{"line":7,"column":19},"end":{"line":7,"column":50}},"5":{"start":{"line":8,"column":13},"end":{"line":24,"column":1}},"6":{"start":{"line":9,"column":4},"end":{"line":23,"column":5}},"7":{"start":{"line":10,"column":22},"end":{"line":10,"column":72}},"8":{"start":{"line":11,"column":24},"end":{"line":11,"column":96}},"9":{"start":{"line":12,"column":8},"end":{"line":14,"column":9}},"10":{"start":{"line":13,"column":12},"end":{"line":13,"column":30}},"11":{"start":{"line":15,"column":8},"end":{"line":15,"column":26}},"12":{"start":{"line":16,"column":8},"end":{"line":16,"column":15}},"13":{"start":{"line":19,"column":8},"end":{"line":22,"column":11}},"14":{"start":{"line":25,"column":0},"end":{"line":25,"column":23}}},"fnMap":{"0":{"name":"(anonymous_0)","decl":{"start":{"line":2,"column":56},"end":{"line":2,"column":57}},"loc":{"start":{"line":2,"column":71},"end":{"line":4,"column":1}},"line":2},"1":{"name":"(anonymous_1)","decl":{"start":{"line":8,"column":13},"end":{"line":8,"column":14}},"loc":{"start":{"line":8,"column":33},"end":{"line":24,"column":1}},"line":8}},"branchMap":{"0":{"loc":{"start":{"line":2,"column":22},"end":{"line":4,"column":1}},"type":"binary-expr","locations":[{"start":{"line":2,"column":23},"end":{"line":2,"column":27}},{"start":{"line":2,"column":31},"end":{"line":2,"column":51}},{"start":{"line":2,"column":56},"end":{"line":4,"column":1}}],"line":2},"1":{"loc":{"start":{"line":3,"column":11},"end":{"line":3,"column":61}},"type":"cond-expr","locations":[{"start":{"line":3,"column":37},"end":{"line":3,"column":40}},{"start":{"line":3,"column":43},"end":{"line":3,"column":61}}],"line":3},"2":{"loc":{"start":{"line":3,"column":12},"end":{"line":3,"column":33}},"type":"binary-expr","locations":[{"start":{"line":3,"column":12},"end":{"line":3,"column":15}},{"start":{"line":3,"column":19},"end":{"line":3,"column":33}}],"line":3},"3":{"loc":{"start":{"line":11,"column":61},"end":{"line":11,"column":95}},"type":"binary-expr","locations":[{"start":{"line":11,"column":61},"end":{"line":11,"column":89}},{"start":{"line":11,"column":93},"end":{"line":11,"column":95}}],"line":11},"4":{"loc":{"start":{"line":12,"column":8},"end":{"line":14,"column":9}},"type":"if","locations":[{"start":{"line":12,"column":8},"end":{"line":14,"column":9}},{"start":{},"end":{}}],"line":12},"5":{"loc":{"start":{"line":21,"column":76},"end":{"line":21,"column":116}},"type":"binary-expr","locations":[{"start":{"line":21,"column":76},"end":{"line":21,"column":110}},{"start":{"line":21,"column":114},"end":{"line":21,"column":116}}],"line":21},"6":{"loc":{"start":{"line":21,"column":118},"end":{"line":21,"column":152}},"type":"binary-expr","locations":[{"start":{"line":21,"column":118},"end":{"line":21,"column":146}},{"start":{"line":21,"column":150},"end":{"line":21,"column":152}}],"line":21}},"s":{"0":1,"1":1,"2":1,"3":1,"4":1,"5":1,"6":3,"7":3,"8":2,"9":2,"10":0,"11":2,"12":2,"13":1,"14":1},"f":{"0":1,"1":3},"b":{"0":[1,1,1],"1":[0,1],"2":[1,1],"3":[2,0],"4":[0,2],"5":[1,0],"6":[1,0]},"inputSourceMap":null,"_coverageSchema":"1a1c01bbd47fc00a2c39e90264f33305004495a9","hash":"d90ce568e4bd524d35010c3710e861704badaecc"}
,"D:\\Applications\\Personal\\Node\\node-boardingpass-sorter\\dist\\src\\models\\boardingCard.js": {"path":"D:\\Applications\\Personal\\Node\\node-boardingpass-sorter\\dist\\src\\models\\boardingCard.js","statementMap":{"0":{"start":{"line":2,"column":0},"end":{"line":2,"column":62}},"1":{"start":{"line":3,"column":0},"end":{"line":3,"column":30}},"2":{"start":{"line":4,"column":16},"end":{"line":4,"column":34}},"3":{"start":{"line":7,"column":8},"end":{"line":26,"column":10}},"4":{"start":{"line":8,"column":25},"end":{"line":8,"column":27}},"5":{"start":{"line":9,"column":12},"end":{"line":24,"column":13}},"6":{"start":{"line":11,"column":20},"end":{"line":11,"column":184}},"7":{"start":{"line":12,"column":20},"end":{"line":12,"column":26}},"8":{"start":{"line":15,"column":20},"end":{"line":15,"column":162}},"9":{"start":{"line":16,"column":20},"end":{"line":16,"column":26}},"10":{"start":{"line":19,"column":20},"end":{"line":20,"column":180}},"11":{"start":{"line":21,"column":20},"end":{"line":21,"column":26}},"12":{"start":{"line":23,"column":25},"end":{"line":23,"column":31}},"13":{"start":{"line":25,"column":12},"end":{"line":25,"column":26}},"14":{"start":{"line":27,"column":8},"end":{"line":27,"column":25}},"15":{"start":{"line":28,"column":8},"end":{"line":28,"column":21}},"16":{"start":{"line":29,"column":8},"end":{"line":29,"column":43}},"17":{"start":{"line":30,"column":8},"end":{"line":30,"column":35}},"18":{"start":{"line":31,"column":8},"end":{"line":31,"column":29}},"19":{"start":{"line":32,"column":8},"end":{"line":32,"column":29}},"20":{"start":{"line":33,"column":8},"end":{"line":33,"column":43}},"21":{"start":{"line":34,"column":8},"end":{"line":34,"column":45}},"22":{"start":{"line":35,"column":8},"end":{"line":35,"column":45}},"23":{"start":{"line":38,"column":0},"end":{"line":38,"column":36}}},"fnMap":{"0":{"name":"(anonymous_0)","decl":{"start":{"line":6,"column":4},"end":{"line":6,"column":5}},"loc":{"start":{"line":6,"column":115},"end":{"line":36,"column":5}},"line":6},"1":{"name":"(anonymous_1)","decl":{"start":{"line":7,"column":25},"end":{"line":7,"column":26}},"loc":{"start":{"line":7,"column":31},"end":{"line":26,"column":9}},"line":7}},"branchMap":{"0":{"loc":{"start":{"line":9,"column":12},"end":{"line":24,"column":13}},"type":"switch","locations":[{"start":{"line":10,"column":16},"end":{"line":13,"column":17}},{"start":{"line":14,"column":16},"end":{"line":17,"column":17}},{"start":{"line":18,"column":16},"end":{"line":22,"column":17}},{"start":{"line":23,"column":16},"end":{"line":23,"column":31}}],"line":9},"1":{"loc":{"start":{"line":20,"column":25},"end":{"line":20,"column":178}},"type":"cond-expr","locations":[{"start":{"line":20,"column":57},"end":{"line":20,"column":120}},{"start":{"line":20,"column":123},"end":{"line":20,"column":178}}],"line":20}},"s":{"0":2,"1":2,"2":2,"3":8,"4":4,"5":4,"6":1,"7":1,"8":1,"9":1,"10":2,"11":2,"12":0,"13":4,"14":8,"15":8,"16":8,"17":8,"18":8,"19":8,"20":8,"21":8,"22":8,"23":2},"f":{"0":8,"1":4},"b":{"0":[1,1,2,0],"1":[0,2]},"inputSourceMap":null,"_coverageSchema":"1a1c01bbd47fc00a2c39e90264f33305004495a9","hash":"67db1f4cc077c36bfff8e157675eb07f05d3561c"}
,"D:\\Applications\\Personal\\Node\\node-boardingpass-sorter\\dist\\src\\models\\enums.js": {"path":"D:\\Applications\\Personal\\Node\\node-boardingpass-sorter\\dist\\src\\models\\enums.js","statementMap":{"0":{"start":{"line":2,"column":0},"end":{"line":2,"column":62}},"1":{"start":{"line":3,"column":0},"end":{"line":3,"column":31}},"2":{"start":{"line":5,"column":0},"end":{"line":10,"column":74}},"3":{"start":{"line":6,"column":4},"end":{"line":6,"column":54}},"4":{"start":{"line":7,"column":4},"end":{"line":7,"column":56}},"5":{"start":{"line":8,"column":4},"end":{"line":8,"column":66}},"6":{"start":{"line":9,"column":4},"end":{"line":9,"column":58}}},"fnMap":{"0":{"name":"(anonymous_0)","decl":{"start":{"line":5,"column":1},"end":{"line":5,"column":2}},"loc":{"start":{"line":5,"column":26},"end":{"line":10,"column":1}},"line":5}},"branchMap":{"0":{"loc":{"start":{"line":10,"column":19},"end":{"line":10,"column":72}},"type":"binary-expr","locations":[{"start":{"line":10,"column":19},"end":{"line":10,"column":40}},{"start":{"line":10,"column":45},"end":{"line":10,"column":71}}],"line":10}},"s":{"0":2,"1":2,"2":2,"3":2,"4":2,"5":2,"6":2},"f":{"0":2},"b":{"0":[2,2]},"inputSourceMap":null,"_coverageSchema":"1a1c01bbd47fc00a2c39e90264f33305004495a9","hash":"df0c793c66918412cfc6594067d7edc5c42b65b0"}
,"D:\\Applications\\Personal\\Node\\node-boardingpass-sorter\\dist\\src\\routers\\sorterController.js": {"path":"D:\\Applications\\Personal\\Node\\node-boardingpass-sorter\\dist\\src\\routers\\sorterController.js","statementMap":{"0":{"start":{"line":2,"column":22},"end":{"line":12,"column":3}},"1":{"start":{"line":3,"column":4},"end":{"line":3,"column":33}},"2":{"start":{"line":3,"column":26},"end":{"line":3,"column":33}},"3":{"start":{"line":4,"column":15},"end":{"line":4,"column":52}},"4":{"start":{"line":5,"column":4},"end":{"line":7,"column":5}},"5":{"start":{"line":6,"column":6},"end":{"line":6,"column":68}},"6":{"start":{"line":6,"column":51},"end":{"line":6,"column":63}},"7":{"start":{"line":8,"column":4},"end":{"line":8,"column":39}},"8":{"start":{"line":10,"column":4},"end":{"line":10,"column":33}},"9":{"start":{"line":10,"column":26},"end":{"line":10,"column":33}},"10":{"start":{"line":11,"column":4},"end":{"line":11,"column":17}},"11":{"start":{"line":13,"column":25},"end":{"line":17,"column":2}},"12":{"start":{"line":14,"column":4},"end":{"line":14,"column":72}},"13":{"start":{"line":16,"column":4},"end":{"line":16,"column":21}},"14":{"start":{"line":18,"column":19},"end":{"line":24,"column":1}},"15":{"start":{"line":19,"column":4},"end":{"line":19,"column":42}},"16":{"start":{"line":19,"column":31},"end":{"line":19,"column":42}},"17":{"start":{"line":20,"column":17},"end":{"line":20,"column":19}},"18":{"start":{"line":21,"column":4},"end":{"line":21,"column":141}},"19":{"start":{"line":21,"column":21},"end":{"line":21,"column":141}},"20":{"start":{"line":21,"column":40},"end":{"line":21,"column":141}},"21":{"start":{"line":21,"column":109},"end":{"line":21,"column":141}},"22":{"start":{"line":22,"column":4},"end":{"line":22,"column":36}},"23":{"start":{"line":23,"column":4},"end":{"line":23,"column":18}},"24":{"start":{"line":25,"column":22},"end":{"line":27,"column":1}},"25":{"start":{"line":26,"column":4},"end":{"line":26,"column":62}},"26":{"start":{"line":28,"column":0},"end":{"line":28,"column":62}},"27":{"start":{"line":29,"column":16},"end":{"line":29,"column":48}},"28":{"start":{"line":30,"column":24},"end":{"line":30,"column":60}},"29":{"start":{"line":31,"column":15},"end":{"line":31,"column":61}},"30":{"start":{"line":32,"column":23},"end":{"line":32,"column":55}},"31":{"start":{"line":33,"column":19},"end":{"line":33,"column":35}},"32":{"start":{"line":34,"column":0},"end":{"line":52,"column":3}},"33":{"start":{"line":35,"column":4},"end":{"line":51,"column":5}},"34":{"start":{"line":36,"column":8},"end":{"line":37,"column":70}},"35":{"start":{"line":37,"column":12},"end":{"line":37,"column":70}},"36":{"start":{"line":38,"column":28},"end":{"line":38,"column":98}},"37":{"start":{"line":39,"column":34},"end":{"line":39,"column":102}},"38":{"start":{"line":40,"column":8},"end":{"line":41,"column":68}},"39":{"start":{"line":41,"column":12},"end":{"line":41,"column":68}},"40":{"start":{"line":42,"column":21},"end":{"line":44,"column":10}},"41":{"start":{"line":43,"column":12},"end":{"line":43,"column":36}},"42":{"start":{"line":45,"column":8},"end":{"line":45,"column":102}},"43":{"start":{"line":46,"column":8},"end":{"line":46,"column":28}},"44":{"start":{"line":47,"column":8},"end":{"line":47,"column":25}},"45":{"start":{"line":50,"column":8},"end":{"line":50,"column":32}},"46":{"start":{"line":53,"column":0},"end":{"line":53,"column":29}}},"fnMap":{"0":{"name":"(anonymous_0)","decl":{"start":{"line":2,"column":74},"end":{"line":2,"column":75}},"loc":{"start":{"line":2,"column":96},"end":{"line":9,"column":1}},"line":2},"1":{"name":"(anonymous_1)","decl":{"start":{"line":6,"column":38},"end":{"line":6,"column":39}},"loc":{"start":{"line":6,"column":49},"end":{"line":6,"column":65}},"line":6},"2":{"name":"(anonymous_2)","decl":{"start":{"line":9,"column":6},"end":{"line":9,"column":7}},"loc":{"start":{"line":9,"column":28},"end":{"line":12,"column":1}},"line":9},"3":{"name":"(anonymous_3)","decl":{"start":{"line":13,"column":80},"end":{"line":13,"column":81}},"loc":{"start":{"line":13,"column":95},"end":{"line":15,"column":1}},"line":13},"4":{"name":"(anonymous_4)","decl":{"start":{"line":15,"column":5},"end":{"line":15,"column":6}},"loc":{"start":{"line":15,"column":20},"end":{"line":17,"column":1}},"line":15},"5":{"name":"(anonymous_5)","decl":{"start":{"line":18,"column":50},"end":{"line":18,"column":51}},"loc":{"start":{"line":18,"column":65},"end":{"line":24,"column":1}},"line":18},"6":{"name":"(anonymous_6)","decl":{"start":{"line":25,"column":56},"end":{"line":25,"column":57}},"loc":{"start":{"line":25,"column":71},"end":{"line":27,"column":1}},"line":25},"7":{"name":"(anonymous_7)","decl":{"start":{"line":34,"column":50},"end":{"line":34,"column":51}},"loc":{"start":{"line":34,"column":64},"end":{"line":52,"column":1}},"line":34},"8":{"name":"(anonymous_8)","decl":{"start":{"line":42,"column":45},"end":{"line":42,"column":46}},"loc":{"start":{"line":42,"column":53},"end":{"line":44,"column":9}},"line":42}},"branchMap":{"0":{"loc":{"start":{"line":2,"column":22},"end":{"line":12,"column":3}},"type":"binary-expr","locations":[{"start":{"line":2,"column":23},"end":{"line":2,"column":27}},{"start":{"line":2,"column":31},"end":{"line":2,"column":51}},{"start":{"line":2,"column":57},"end":{"line":12,"column":2}}],"line":2},"1":{"loc":{"start":{"line":2,"column":57},"end":{"line":12,"column":2}},"type":"cond-expr","locations":[{"start":{"line":2,"column":74},"end":{"line":9,"column":1}},{"start":{"line":9,"column":6},"end":{"line":12,"column":1}}],"line":2},"2":{"loc":{"start":{"line":3,"column":4},"end":{"line":3,"column":33}},"type":"if","locations":[{"start":{"line":3,"column":4},"end":{"line":3,"column":33}},{"start":{},"end":{}}],"line":3},"3":{"loc":{"start":{"line":5,"column":4},"end":{"line":7,"column":5}},"type":"if","locations":[{"start":{"line":5,"column":4},"end":{"line":7,"column":5}},{"start":{},"end":{}}],"line":5},"4":{"loc":{"start":{"line":5,"column":8},"end":{"line":5,"column":85}},"type":"binary-expr","locations":[{"start":{"line":5,"column":8},"end":{"line":5,"column":13}},{"start":{"line":5,"column":18},"end":{"line":5,"column":84}}],"line":5},"5":{"loc":{"start":{"line":5,"column":18},"end":{"line":5,"column":84}},"type":"cond-expr","locations":[{"start":{"line":5,"column":34},"end":{"line":5,"column":47}},{"start":{"line":5,"column":50},"end":{"line":5,"column":84}}],"line":5},"6":{"loc":{"start":{"line":5,"column":50},"end":{"line":5,"column":84}},"type":"binary-expr","locations":[{"start":{"line":5,"column":50},"end":{"line":5,"column":63}},{"start":{"line":5,"column":67},"end":{"line":5,"column":84}}],"line":5},"7":{"loc":{"start":{"line":10,"column":4},"end":{"line":10,"column":33}},"type":"if","locations":[{"start":{"line":10,"column":4},"end":{"line":10,"column":33}},{"start":{},"end":{}}],"line":10},"8":{"loc":{"start":{"line":13,"column":25},"end":{"line":17,"column":2}},"type":"binary-expr","locations":[{"start":{"line":13,"column":26},"end":{"line":13,"column":30}},{"start":{"line":13,"column":34},"end":{"line":13,"column":57}},{"start":{"line":13,"column":63},"end":{"line":17,"column":1}}],"line":13},"9":{"loc":{"start":{"line":13,"column":63},"end":{"line":17,"column":1}},"type":"cond-expr","locations":[{"start":{"line":13,"column":80},"end":{"line":15,"column":1}},{"start":{"line":15,"column":5},"end":{"line":17,"column":1}}],"line":13},"10":{"loc":{"start":{"line":18,"column":19},"end":{"line":24,"column":1}},"type":"binary-expr","locations":[{"start":{"line":18,"column":20},"end":{"line":18,"column":24}},{"start":{"line":18,"column":28},"end":{"line":18,"column":45}},{"start":{"line":18,"column":50},"end":{"line":24,"column":1}}],"line":18},"11":{"loc":{"start":{"line":19,"column":4},"end":{"line":19,"column":42}},"type":"if","locations":[{"start":{"line":19,"column":4},"end":{"line":19,"column":42}},{"start":{},"end":{}}],"line":19},"12":{"loc":{"start":{"line":19,"column":8},"end":{"line":19,"column":29}},"type":"binary-expr","locations":[{"start":{"line":19,"column":8},"end":{"line":19,"column":11}},{"start":{"line":19,"column":15},"end":{"line":19,"column":29}}],"line":19},"13":{"loc":{"start":{"line":21,"column":4},"end":{"line":21,"column":141}},"type":"if","locations":[{"start":{"line":21,"column":4},"end":{"line":21,"column":141}},{"start":{},"end":{}}],"line":21},"14":{"loc":{"start":{"line":21,"column":40},"end":{"line":21,"column":141}},"type":"if","locations":[{"start":{"line":21,"column":40},"end":{"line":21,"column":141}},{"start":{},"end":{}}],"line":21},"15":{"loc":{"start":{"line":21,"column":44},"end":{"line":21,"column":107}},"type":"binary-expr","locations":[{"start":{"line":21,"column":44},"end":{"line":21,"column":59}},{"start":{"line":21,"column":63},"end":{"line":21,"column":107}}],"line":21},"16":{"loc":{"start":{"line":25,"column":22},"end":{"line":27,"column":1}},"type":"binary-expr","locations":[{"start":{"line":25,"column":23},"end":{"line":25,"column":27}},{"start":{"line":25,"column":31},"end":{"line":25,"column":51}},{"start":{"line":25,"column":56},"end":{"line":27,"column":1}}],"line":25},"17":{"loc":{"start":{"line":26,"column":11},"end":{"line":26,"column":61}},"type":"cond-expr","locations":[{"start":{"line":26,"column":37},"end":{"line":26,"column":40}},{"start":{"line":26,"column":43},"end":{"line":26,"column":61}}],"line":26},"18":{"loc":{"start":{"line":26,"column":12},"end":{"line":26,"column":33}},"type":"binary-expr","locations":[{"start":{"line":26,"column":12},"end":{"line":26,"column":15}},{"start":{"line":26,"column":19},"end":{"line":26,"column":33}}],"line":26},"19":{"loc":{"start":{"line":36,"column":8},"end":{"line":37,"column":70}},"type":"if","locations":[{"start":{"line":36,"column":8},"end":{"line":37,"column":70}},{"start":{},"end":{}}],"line":36},"20":{"loc":{"start":{"line":40,"column":8},"end":{"line":41,"column":68}},"type":"if","locations":[{"start":{"line":40,"column":8},"end":{"line":41,"column":68}},{"start":{},"end":{}}],"line":40}},"s":{"0":1,"1":11,"2":11,"3":11,"4":11,"5":11,"6":1,"7":11,"8":0,"9":0,"10":0,"11":1,"12":1,"13":0,"14":1,"15":1,"16":0,"17":1,"18":1,"19":1,"20":11,"21":11,"22":1,"23":1,"24":1,"25":1,"26":1,"27":1,"28":1,"29":1,"30":1,"31":1,"32":1,"33":2,"34":2,"35":0,"36":2,"37":1,"38":1,"39":0,"40":1,"41":4,"42":1,"43":1,"44":1,"45":1,"46":1},"f":{"0":11,"1":1,"2":0,"3":1,"4":0,"5":1,"6":1,"7":2,"8":4},"b":{"0":[1,1,1],"1":[1,0],"2":[11,0],"3":[11,0],"4":[11,11],"5":[0,11],"6":[11,0],"7":[0,0],"8":[1,1,1],"9":[1,0],"10":[1,1,1],"11":[0,1],"12":[1,1],"13":[1,0],"14":[11,0],"15":[11,11],"16":[1,1,1],"17":[1,0],"18":[1,1],"19":[0,2],"20":[0,1]},"inputSourceMap":null,"_coverageSchema":"1a1c01bbd47fc00a2c39e90264f33305004495a9","hash":"c66fbf280a8bb9579c6386db2c32bff867735f40"}
,"D:\\Applications\\Personal\\Node\\node-boardingpass-sorter\\dist\\src\\services\\sorterService.js": {"path":"D:\\Applications\\Personal\\Node\\node-boardingpass-sorter\\dist\\src\\services\\sorterService.js","statementMap":{"0":{"start":{"line":2,"column":22},"end":{"line":4,"column":1}},"1":{"start":{"line":3,"column":4},"end":{"line":3,"column":62}},"2":{"start":{"line":5,"column":0},"end":{"line":5,"column":62}},"3":{"start":{"line":6,"column":0},"end":{"line":6,"column":31}},"4":{"start":{"line":7,"column":15},"end":{"line":7,"column":47}},"5":{"start":{"line":10,"column":8},"end":{"line":20,"column":10}},"6":{"start":{"line":11,"column":26},"end":{"line":11,"column":27}},"7":{"start":{"line":12,"column":37},"end":{"line":12,"column":57}},"8":{"start":{"line":13,"column":31},"end":{"line":13,"column":165}},"9":{"start":{"line":13,"column":77},"end":{"line":13,"column":147}},"10":{"start":{"line":13,"column":125},"end":{"line":13,"column":129}},"11":{"start":{"line":14,"column":12},"end":{"line":14,"column":52}},"12":{"start":{"line":15,"column":12},"end":{"line":18,"column":13}},"13":{"start":{"line":16,"column":16},"end":{"line":16,"column":121}},"14":{"start":{"line":16,"column":77},"end":{"line":16,"column":102}},"15":{"start":{"line":17,"column":16},"end":{"line":17,"column":56}},"16":{"start":{"line":19,"column":12},"end":{"line":19,"column":95}},"17":{"start":{"line":19,"column":67},"end":{"line":19,"column":83}},"18":{"start":{"line":23,"column":0},"end":{"line":23,"column":38}}},"fnMap":{"0":{"name":"(anonymous_0)","decl":{"start":{"line":2,"column":56},"end":{"line":2,"column":57}},"loc":{"start":{"line":2,"column":71},"end":{"line":4,"column":1}},"line":2},"1":{"name":"(anonymous_1)","decl":{"start":{"line":9,"column":4},"end":{"line":9,"column":5}},"loc":{"start":{"line":9,"column":18},"end":{"line":21,"column":5}},"line":9},"2":{"name":"(anonymous_2)","decl":{"start":{"line":10,"column":33},"end":{"line":10,"column":34}},"loc":{"start":{"line":10,"column":52},"end":{"line":20,"column":9}},"line":10},"3":{"name":"(anonymous_3)","decl":{"start":{"line":13,"column":72},"end":{"line":13,"column":73}},"loc":{"start":{"line":13,"column":77},"end":{"line":13,"column":147}},"line":13},"4":{"name":"(anonymous_4)","decl":{"start":{"line":13,"column":120},"end":{"line":13,"column":121}},"loc":{"start":{"line":13,"column":125},"end":{"line":13,"column":129}},"line":13},"5":{"name":"(anonymous_5)","decl":{"start":{"line":16,"column":72},"end":{"line":16,"column":73}},"loc":{"start":{"line":16,"column":77},"end":{"line":16,"column":102}},"line":16},"6":{"name":"(anonymous_6)","decl":{"start":{"line":19,"column":62},"end":{"line":19,"column":63}},"loc":{"start":{"line":19,"column":67},"end":{"line":19,"column":83}},"line":19}},"branchMap":{"0":{"loc":{"start":{"line":2,"column":22},"end":{"line":4,"column":1}},"type":"binary-expr","locations":[{"start":{"line":2,"column":23},"end":{"line":2,"column":27}},{"start":{"line":2,"column":31},"end":{"line":2,"column":51}},{"start":{"line":2,"column":56},"end":{"line":4,"column":1}}],"line":2},"1":{"loc":{"start":{"line":3,"column":11},"end":{"line":3,"column":61}},"type":"cond-expr","locations":[{"start":{"line":3,"column":37},"end":{"line":3,"column":40}},{"start":{"line":3,"column":43},"end":{"line":3,"column":61}}],"line":3},"2":{"loc":{"start":{"line":3,"column":12},"end":{"line":3,"column":33}},"type":"binary-expr","locations":[{"start":{"line":3,"column":12},"end":{"line":3,"column":15}},{"start":{"line":3,"column":19},"end":{"line":3,"column":33}}],"line":3}},"s":{"0":2,"1":2,"2":2,"3":2,"4":2,"5":2,"6":2,"7":2,"8":2,"9":6,"10":22,"11":2,"12":2,"13":6,"14":14,"15":6,"16":2,"17":8,"18":2},"f":{"0":2,"1":2,"2":2,"3":6,"4":22,"5":14,"6":8},"b":{"0":[2,2,2],"1":[0,2],"2":[2,2]},"inputSourceMap":null,"_coverageSchema":"1a1c01bbd47fc00a2c39e90264f33305004495a9","hash":"c7a335d0f01999b4a54a938170f6542a205debe4"}
,"D:\\Applications\\Personal\\Node\\node-boardingpass-sorter\\dist\\src\\utils\\getDirection.js": {"path":"D:\\Applications\\Personal\\Node\\node-boardingpass-sorter\\dist\\src\\utils\\getDirection.js","statementMap":{"0":{"start":{"line":2,"column":0},"end":{"line":2,"column":62}},"1":{"start":{"line":3,"column":0},"end":{"line":3,"column":30}},"2":{"start":{"line":4,"column":23},"end":{"line":4,"column":56}},"3":{"start":{"line":5,"column":21},"end":{"line":12,"column":1}},"4":{"start":{"line":6,"column":28},"end":{"line":6,"column":30}},"5":{"start":{"line":7,"column":4},"end":{"line":10,"column":7}},"6":{"start":{"line":9,"column":8},"end":{"line":9,"column":448}},"7":{"start":{"line":11,"column":4},"end":{"line":11,"column":29}},"8":{"start":{"line":13,"column":0},"end":{"line":13,"column":36}}},"fnMap":{"0":{"name":"(anonymous_0)","decl":{"start":{"line":5,"column":21},"end":{"line":5,"column":22}},"loc":{"start":{"line":5,"column":35},"end":{"line":12,"column":1}},"line":5},"1":{"name":"(anonymous_1)","decl":{"start":{"line":7,"column":21},"end":{"line":7,"column":22}},"loc":{"start":{"line":7,"column":29},"end":{"line":10,"column":5}},"line":7}},"branchMap":{"0":{"loc":{"start":{"line":9,"column":63},"end":{"line":9,"column":115}},"type":"cond-expr","locations":[{"start":{"line":9,"column":108},"end":{"line":9,"column":110}},{"start":{"line":9,"column":113},"end":{"line":9,"column":115}}],"line":9},"1":{"loc":{"start":{"line":9,"column":63},"end":{"line":9,"column":105}},"type":"binary-expr","locations":[{"start":{"line":9,"column":63},"end":{"line":9,"column":88}},{"start":{"line":9,"column":92},"end":{"line":9,"column":105}}],"line":9},"2":{"loc":{"start":{"line":9,"column":117},"end":{"line":9,"column":167}},"type":"cond-expr","locations":[{"start":{"line":9,"column":160},"end":{"line":9,"column":162}},{"start":{"line":9,"column":165},"end":{"line":9,"column":167}}],"line":9},"3":{"loc":{"start":{"line":9,"column":117},"end":{"line":9,"column":157}},"type":"binary-expr","locations":[{"start":{"line":9,"column":117},"end":{"line":9,"column":140}},{"start":{"line":9,"column":144},"end":{"line":9,"column":157}}],"line":9},"4":{"loc":{"start":{"line":9,"column":189},"end":{"line":9,"column":246}},"type":"cond-expr","locations":[{"start":{"line":9,"column":239},"end":{"line":9,"column":241}},{"start":{"line":9,"column":244},"end":{"line":9,"column":246}}],"line":9},"5":{"loc":{"start":{"line":9,"column":189},"end":{"line":9,"column":236}},"type":"binary-expr","locations":[{"start":{"line":9,"column":189},"end":{"line":9,"column":219}},{"start":{"line":9,"column":223},"end":{"line":9,"column":236}}],"line":9},"6":{"loc":{"start":{"line":9,"column":248},"end":{"line":9,"column":302}},"type":"cond-expr","locations":[{"start":{"line":9,"column":295},"end":{"line":9,"column":297}},{"start":{"line":9,"column":300},"end":{"line":9,"column":302}}],"line":9},"7":{"loc":{"start":{"line":9,"column":248},"end":{"line":9,"column":292}},"type":"binary-expr","locations":[{"start":{"line":9,"column":248},"end":{"line":9,"column":275}},{"start":{"line":9,"column":279},"end":{"line":9,"column":292}}],"line":9},"8":{"loc":{"start":{"line":9,"column":304},"end":{"line":9,"column":358}},"type":"cond-expr","locations":[{"start":{"line":9,"column":351},"end":{"line":9,"column":353}},{"start":{"line":9,"column":356},"end":{"line":9,"column":358}}],"line":9},"9":{"loc":{"start":{"line":9,"column":304},"end":{"line":9,"column":348}},"type":"binary-expr","locations":[{"start":{"line":9,"column":304},"end":{"line":9,"column":331}},{"start":{"line":9,"column":335},"end":{"line":9,"column":348}}],"line":9},"10":{"loc":{"start":{"line":9,"column":360},"end":{"line":9,"column":421}},"type":"cond-expr","locations":[{"start":{"line":9,"column":414},"end":{"line":9,"column":416}},{"start":{"line":9,"column":419},"end":{"line":9,"column":421}}],"line":9},"11":{"loc":{"start":{"line":9,"column":360},"end":{"line":9,"column":411}},"type":"binary-expr","locations":[{"start":{"line":9,"column":360},"end":{"line":9,"column":394}},{"start":{"line":9,"column":398},"end":{"line":9,"column":411}}],"line":9}},"s":{"0":2,"1":2,"2":2,"3":2,"4":3,"5":3,"6":8,"7":2,"8":2},"f":{"0":3,"1":8},"b":{"0":[8,0],"1":[8,8],"2":[8,0],"3":[8,8],"4":[6,2],"5":[8,6],"6":[4,4],"7":[8,4],"8":[6,2],"9":[8,6],"10":[2,6],"11":[8,2]},"inputSourceMap":null,"_coverageSchema":"1a1c01bbd47fc00a2c39e90264f33305004495a9","hash":"cb81a0a8737453da7dd68d04497fa67fdbbd9072"}
,"D:\\Applications\\Personal\\Node\\node-boardingpass-sorter\\dist\\tests\\testData.js": {"path":"D:\\Applications\\Personal\\Node\\node-boardingpass-sorter\\dist\\tests\\testData.js","statementMap":{"0":{"start":{"line":2,"column":22},"end":{"line":4,"column":1}},"1":{"start":{"line":3,"column":4},"end":{"line":3,"column":62}},"2":{"start":{"line":5,"column":0},"end":{"line":5,"column":62}},"3":{"start":{"line":6,"column":0},"end":{"line":6,"column":59}},"4":{"start":{"line":7,"column":23},"end":{"line":7,"column":63}},"5":{"start":{"line":8,"column":0},"end":{"line":49,"column":2}},"6":{"start":{"line":50,"column":0},"end":{"line":50,"column":112}},"7":{"start":{"line":51,"column":0},"end":{"line":51,"column":116}}},"fnMap":{"0":{"name":"(anonymous_0)","decl":{"start":{"line":2,"column":56},"end":{"line":2,"column":57}},"loc":{"start":{"line":2,"column":71},"end":{"line":4,"column":1}},"line":2}},"branchMap":{"0":{"loc":{"start":{"line":2,"column":22},"end":{"line":4,"column":1}},"type":"binary-expr","locations":[{"start":{"line":2,"column":23},"end":{"line":2,"column":27}},{"start":{"line":2,"column":31},"end":{"line":2,"column":51}},{"start":{"line":2,"column":56},"end":{"line":4,"column":1}}],"line":2},"1":{"loc":{"start":{"line":3,"column":11},"end":{"line":3,"column":61}},"type":"cond-expr","locations":[{"start":{"line":3,"column":37},"end":{"line":3,"column":40}},{"start":{"line":3,"column":43},"end":{"line":3,"column":61}}],"line":3},"2":{"loc":{"start":{"line":3,"column":12},"end":{"line":3,"column":33}},"type":"binary-expr","locations":[{"start":{"line":3,"column":12},"end":{"line":3,"column":15}},{"start":{"line":3,"column":19},"end":{"line":3,"column":33}}],"line":3},"3":{"loc":{"start":{"line":51,"column":44},"end":{"line":51,"column":81}},"type":"binary-expr","locations":[{"start":{"line":51,"column":44},"end":{"line":51,"column":75}},{"start":{"line":51,"column":79},"end":{"line":51,"column":81}}],"line":51},"4":{"loc":{"start":{"line":51,"column":83},"end":{"line":51,"column":114}},"type":"binary-expr","locations":[{"start":{"line":51,"column":83},"end":{"line":51,"column":108}},{"start":{"line":51,"column":112},"end":{"line":51,"column":114}}],"line":51}},"s":{"0":2,"1":2,"2":2,"3":2,"4":2,"5":2,"6":2,"7":2},"f":{"0":2},"b":{"0":[2,2,2],"1":[0,2],"2":[2,2],"3":[2,0],"4":[2,0]},"inputSourceMap":null,"_coverageSchema":"1a1c01bbd47fc00a2c39e90264f33305004495a9","hash":"7fa6b98fb9abbbc01d9b01a5641eb43d52169fa5"}
,"D:\\Applications\\Personal\\Node\\node-boardingpass-sorter\\src\\middleware\\auth.ts": {"path":"D:\\Applications\\Personal\\Node\\node-boardingpass-sorter\\src\\middleware\\auth.ts","statementMap":{"0":{"start":{"line":1,"column":0},"end":{"line":1,"column":30}},"1":{"start":{"line":2,"column":0},"end":{"line":2,"column":45}},"2":{"start":{"line":4,"column":13},"end":{"line":21,"column":1}},"3":{"start":{"line":5,"column":4},"end":{"line":20,"column":null}},"4":{"start":{"line":6,"column":22},"end":{"line":6,"column":72}},"5":{"start":{"line":7,"column":24},"end":{"line":7,"column":66}},"6":{"start":{"line":9,"column":8},"end":{"line":11,"column":null}},"7":{"start":{"line":10,"column":12},"end":{"line":10,"column":null}},"8":{"start":{"line":13,"column":8},"end":{"line":13,"column":null}},"9":{"start":{"line":14,"column":8},"end":{"line":14,"column":null}},"10":{"start":{"line":16,"column":8},"end":{"line":19,"column":null}},"11":{"start":{"line":23,"column":0},"end":{"line":23,"column":null}}},"fnMap":{"0":{"name":"(anonymous_1)","decl":{"start":{"line":4,"column":13},"end":{"line":4,"column":14}},"loc":{"start":{"line":4,"column":47},"end":{"line":21,"column":1}}}},"branchMap":{"0":{"loc":{"start":{"line":7,"column":42},"end":{"line":7,"column":65}},"type":"binary-expr","locations":[{"start":{"line":7,"column":42},"end":{"line":7,"column":59}},{"start":{"line":7,"column":63},"end":{"line":7,"column":65}}]},"1":{"loc":{"start":{"line":9,"column":8},"end":{"line":11,"column":null}},"type":"if","locations":[{"start":{"line":9,"column":8},"end":{"line":11,"column":null}}]},"2":{"loc":{"start":{"line":18,"column":57},"end":{"line":18,"column":86}},"type":"binary-expr","locations":[{"start":{"line":18,"column":57},"end":{"line":18,"column":80}},{"start":{"line":18,"column":84},"end":{"line":18,"column":86}}]},"3":{"loc":{"start":{"line":18,"column":88},"end":{"line":18,"column":111}},"type":"binary-expr","locations":[{"start":{"line":18,"column":88},"end":{"line":18,"column":105}},{"start":{"line":18,"column":109},"end":{"line":18,"column":111}}]}},"s":{"0":1,"1":1,"2":1,"3":3,"4":3,"5":2,"6":2,"7":0,"8":2,"9":2,"10":1,"11":1},"f":{"0":3},"b":{"0":[2,0],"1":[0],"2":[1,0],"3":[1,0]}}
,"D:\\Applications\\Personal\\Node\\node-boardingpass-sorter\\src\\models\\boardingCard.ts": {"path":"D:\\Applications\\Personal\\Node\\node-boardingpass-sorter\\src\\models\\boardingCard.ts","statementMap":{"0":{"start":{"line":1,"column":1},"end":{"line":1,"column":41}},"1":{"start":{"line":28,"column":4},"end":{"line":47,"column":null}},"2":{"start":{"line":29,"column":21},"end":{"line":29,"column":23}},"3":{"start":{"line":30,"column":8},"end":{"line":45,"column":null}},"4":{"start":{"line":32,"column":16},"end":{"line":32,"column":172}},"5":{"start":{"line":33,"column":16},"end":{"line":33,"column":22}},"6":{"start":{"line":36,"column":16},"end":{"line":36,"column":150}},"7":{"start":{"line":37,"column":16},"end":{"line":37,"column":22}},"8":{"start":{"line":40,"column":16},"end":{"line":41,"column":null}},"9":{"start":{"line":42,"column":16},"end":{"line":42,"column":22}},"10":{"start":{"line":44,"column":21},"end":{"line":44,"column":26}},"11":{"start":{"line":46,"column":8},"end":{"line":46,"column":22}},"12":{"start":{"line":17,"column":12},"end":{"line":17,"column":29}},"13":{"start":{"line":18,"column":12},"end":{"line":18,"column":25}},"14":{"start":{"line":19,"column":12},"end":{"line":19,"column":47}},"15":{"start":{"line":20,"column":12},"end":{"line":20,"column":39}},"16":{"start":{"line":21,"column":12},"end":{"line":21,"column":33}},"17":{"start":{"line":22,"column":12},"end":{"line":22,"column":33}},"18":{"start":{"line":23,"column":12},"end":{"line":23,"column":47}},"19":{"start":{"line":24,"column":12},"end":{"line":24,"column":49}},"20":{"start":{"line":25,"column":12},"end":{"line":25,"column":49}},"21":{"start":{"line":3,"column":0},"end":{"line":3,"column":13}}},"fnMap":{"0":{"name":"(anonymous_0)","decl":{"start":{"line":14,"column":4},"end":{"line":14,"column":16}},"loc":{"start":{"line":16,"column":30},"end":{"line":26,"column":5}}},"1":{"name":"(anonymous_1)","decl":{"start":{"line":28,"column":16},"end":{"line":28,"column":28}},"loc":{"start":{"line":28,"column":30},"end":{"line":47,"column":5}}}},"branchMap":{"0":{"loc":{"start":{"line":30,"column":8},"end":{"line":45,"column":null}},"type":"switch","locations":[{"start":{"line":31,"column":12},"end":{"line":34,"column":null}},{"start":{"line":35,"column":12},"end":{"line":38,"column":null}},{"start":{"line":39,"column":12},"end":{"line":43,"column":null}},{"start":{"line":44,"column":12},"end":{"line":44,"column":26}}]},"1":{"loc":{"start":{"line":41,"column":21},"end":{"line":41,"column":174}},"type":"cond-expr","locations":[{"start":{"line":41,"column":53},"end":{"line":41,"column":116}},{"start":{"line":41,"column":119},"end":{"line":41,"column":174}}]}},"s":{"0":2,"1":8,"2":4,"3":4,"4":1,"5":1,"6":1,"7":1,"8":2,"9":2,"10":0,"11":4,"12":8,"13":8,"14":8,"15":8,"16":8,"17":8,"18":8,"19":8,"20":8,"21":2},"f":{"0":8,"1":4},"b":{"0":[1,1,2,0],"1":[0,2]}}
,"D:\\Applications\\Personal\\Node\\node-boardingpass-sorter\\src\\models\\enums.ts": {"path":"D:\\Applications\\Personal\\Node\\node-boardingpass-sorter\\src\\models\\enums.ts","statementMap":{"0":{"start":{"line":1,"column":0},"end":{"line":1,"column":null}},"1":{"start":{"line":2,"column":4},"end":{"line":2,"column":null}},"2":{"start":{"line":3,"column":4},"end":{"line":3,"column":null}},"3":{"start":{"line":4,"column":4},"end":{"line":4,"column":null}},"4":{"start":{"line":5,"column":4},"end":{"line":5,"column":null}}},"fnMap":{"0":{"name":"(anonymous_0)","decl":{"start":{"line":1,"column":0},"end":{"line":1,"column":12}},"loc":{"start":{"line":1,"column":25},"end":{"line":6,"column":1}}}},"branchMap":{"0":{"loc":{"start":{"line":1,"column":12},"end":{"line":1,"column":null}},"type":"binary-expr","locations":[{"start":{"line":1,"column":12},"end":{"line":1,"column":25}},{"start":{"line":1,"column":12},"end":{"line":1,"column":null}}]}},"s":{"0":2,"1":2,"2":2,"3":2,"4":2},"f":{"0":2},"b":{"0":[2,2]}}
,"D:\\Applications\\Personal\\Node\\node-boardingpass-sorter\\src\\routers\\sorterController.ts": {"path":"D:\\Applications\\Personal\\Node\\node-boardingpass-sorter\\src\\routers\\sorterController.ts","statementMap":{"0":{"start":{"line":1,"column":0},"end":{"line":1,"column":35}},"1":{"start":{"line":2,"column":0},"end":{"line":2,"column":57}},"2":{"start":{"line":3,"column":0},"end":{"line":3,"column":37}},"3":{"start":{"line":4,"column":0},"end":{"line":4,"column":53}},"4":{"start":{"line":7,"column":19},"end":{"line":7,"column":35}},"5":{"start":{"line":9,"column":0},"end":{"line":33,"column":null}},"6":{"start":{"line":10,"column":4},"end":{"line":31,"column":null}},"7":{"start":{"line":11,"column":8},"end":{"line":12,"column":null}},"8":{"start":{"line":12,"column":12},"end":{"line":12,"column":null}},"9":{"start":{"line":14,"column":28},"end":{"line":14,"column":95}},"10":{"start":{"line":15,"column":34},"end":{"line":15,"column":86}},"11":{"start":{"line":17,"column":8},"end":{"line":18,"column":null}},"12":{"start":{"line":18,"column":12},"end":{"line":18,"column":null}},"13":{"start":{"line":20,"column":21},"end":{"line":22,"column":10}},"14":{"start":{"line":21,"column":12},"end":{"line":21,"column":36}},"15":{"start":{"line":24,"column":8},"end":{"line":24,"column":null}},"16":{"start":{"line":25,"column":8},"end":{"line":25,"column":null}},"17":{"start":{"line":27,"column":8},"end":{"line":27,"column":25}},"18":{"start":{"line":30,"column":8},"end":{"line":30,"column":null}},"19":{"start":{"line":36,"column":0},"end":{"line":36,"column":26}}},"fnMap":{"0":{"name":"(anonymous_7)","decl":{"start":{"line":9,"column":40},"end":{"line":9,"column":41}},"loc":{"start":{"line":9,"column":53},"end":{"line":33,"column":1}}},"1":{"name":"(anonymous_8)","decl":{"start":{"line":20,"column":45},"end":{"line":20,"column":49}},"loc":{"start":{"line":20,"column":52},"end":{"line":22,"column":9}}}},"branchMap":{"0":{"loc":{"start":{"line":11,"column":8},"end":{"line":12,"column":null}},"type":"if","locations":[{"start":{"line":11,"column":8},"end":{"line":12,"column":null}}]},"1":{"loc":{"start":{"line":17,"column":8},"end":{"line":18,"column":null}},"type":"if","locations":[{"start":{"line":17,"column":8},"end":{"line":18,"column":null}}]}},"s":{"0":1,"1":1,"2":1,"3":1,"4":1,"5":1,"6":2,"7":2,"8":0,"9":2,"10":1,"11":1,"12":0,"13":1,"14":4,"15":1,"16":1,"17":1,"18":1,"19":1},"f":{"0":2,"1":4},"b":{"0":[0],"1":[0]}}
,"D:\\Applications\\Personal\\Node\\node-boardingpass-sorter\\src\\services\\sorterService.ts": {"path":"D:\\Applications\\Personal\\Node\\node-boardingpass-sorter\\src\\services\\sorterService.ts","statementMap":{"0":{"start":{"line":1,"column":0},"end":{"line":1,"column":29}},"1":{"start":{"line":5,"column":4},"end":{"line":19,"column":null}},"2":{"start":{"line":6,"column":22},"end":{"line":6,"column":23}},"3":{"start":{"line":7,"column":33},"end":{"line":7,"column":53}},"4":{"start":{"line":9,"column":27},"end":{"line":9,"column":153}},"5":{"start":{"line":9,"column":69},"end":{"line":9,"column":135}},"6":{"start":{"line":9,"column":113},"end":{"line":9,"column":117}},"7":{"start":{"line":10,"column":8},"end":{"line":10,"column":49}},"8":{"start":{"line":12,"column":8},"end":{"line":16,"column":null}},"9":{"start":{"line":14,"column":12},"end":{"line":14,"column":114}},"10":{"start":{"line":14,"column":69},"end":{"line":14,"column":95}},"11":{"start":{"line":15,"column":12},"end":{"line":15,"column":53}},"12":{"start":{"line":18,"column":8},"end":{"line":18,"column":87}},"13":{"start":{"line":18,"column":59},"end":{"line":18,"column":75}},"14":{"start":{"line":4,"column":0},"end":{"line":4,"column":13}}},"fnMap":{"0":{"name":"(anonymous_1)","decl":{"start":{"line":4,"column":0},"end":{"line":4,"column":13}},"loc":{"start":{"line":4,"column":0},"end":{"line":20,"column":1}}},"1":{"name":"(anonymous_2)","decl":{"start":{"line":5,"column":24},"end":{"line":5,"column":25}},"loc":{"start":{"line":5,"column":75},"end":{"line":19,"column":5}}},"2":{"name":"(anonymous_3)","decl":{"start":{"line":9,"column":64},"end":{"line":9,"column":65}},"loc":{"start":{"line":9,"column":69},"end":{"line":9,"column":135}}},"3":{"name":"(anonymous_4)","decl":{"start":{"line":9,"column":108},"end":{"line":9,"column":109}},"loc":{"start":{"line":9,"column":113},"end":{"line":9,"column":117}}},"4":{"name":"(anonymous_5)","decl":{"start":{"line":14,"column":64},"end":{"line":14,"column":65}},"loc":{"start":{"line":14,"column":69},"end":{"line":14,"column":95}}},"5":{"name":"(anonymous_6)","decl":{"start":{"line":18,"column":54},"end":{"line":18,"column":55}},"loc":{"start":{"line":18,"column":59},"end":{"line":18,"column":75}}}},"branchMap":{},"s":{"0":2,"1":2,"2":2,"3":2,"4":2,"5":6,"6":22,"7":2,"8":2,"9":6,"10":14,"11":6,"12":2,"13":8,"14":2},"f":{"0":2,"1":2,"2":6,"3":22,"4":14,"5":8},"b":{}}
,"D:\\Applications\\Personal\\Node\\node-boardingpass-sorter\\src\\utils\\getDirection.ts": {"path":"D:\\Applications\\Personal\\Node\\node-boardingpass-sorter\\src\\utils\\getDirection.ts","statementMap":{"0":{"start":{"line":1,"column":0},"end":{"line":1,"column":54}},"1":{"start":{"line":3,"column":28},"end":{"line":11,"column":1}},"2":{"start":{"line":4,"column":45},"end":{"line":4,"column":47}},"3":{"start":{"line":5,"column":4},"end":{"line":9,"column":null}},"4":{"start":{"line":6,"column":8},"end":{"line":8,"column":63}},"5":{"start":{"line":10,"column":4},"end":{"line":10,"column":29}},"6":{"start":{"line":3,"column":13},"end":{"line":3,"column":28}}},"fnMap":{"0":{"name":"(anonymous_0)","decl":{"start":{"line":3,"column":28},"end":{"line":3,"column":29}},"loc":{"start":{"line":3,"column":57},"end":{"line":11,"column":1}}},"1":{"name":"(anonymous_1)","decl":{"start":{"line":5,"column":21},"end":{"line":5,"column":25}},"loc":{"start":{"line":5,"column":28},"end":{"line":9,"column":5}}}},"branchMap":{"0":{"loc":{"start":{"line":6,"column":48},"end":{"line":6,"column":63}},"type":"cond-expr","locations":[{"start":{"line":6,"column":57},"end":{"line":6,"column":61}},{"start":{"line":6,"column":61},"end":{"line":6,"column":63}}]},"1":{"loc":{"start":{"line":6,"column":48},"end":{"line":6,"column":61}},"type":"binary-expr","locations":[{"start":{"line":6,"column":48},"end":{"line":6,"column":61}},{"start":{"line":6,"column":57},"end":{"line":6,"column":61}}]},"2":{"loc":{"start":{"line":6,"column":65},"end":{"line":6,"column":78}},"type":"cond-expr","locations":[{"start":{"line":6,"column":72},"end":{"line":6,"column":76}},{"start":{"line":6,"column":76},"end":{"line":6,"column":78}}]},"3":{"loc":{"start":{"line":6,"column":65},"end":{"line":6,"column":76}},"type":"binary-expr","locations":[{"start":{"line":6,"column":65},"end":{"line":6,"column":76}},{"start":{"line":6,"column":72},"end":{"line":6,"column":76}}]},"4":{"loc":{"start":{"line":7,"column":32},"end":{"line":7,"column":52}},"type":"cond-expr","locations":[{"start":{"line":7,"column":46},"end":{"line":7,"column":50}},{"start":{"line":7,"column":50},"end":{"line":7,"column":52}}]},"5":{"loc":{"start":{"line":7,"column":32},"end":{"line":7,"column":50}},"type":"binary-expr","locations":[{"start":{"line":7,"column":32},"end":{"line":7,"column":50}},{"start":{"line":7,"column":46},"end":{"line":7,"column":50}}]},"6":{"loc":{"start":{"line":7,"column":54},"end":{"line":7,"column":71}},"type":"cond-expr","locations":[{"start":{"line":7,"column":65},"end":{"line":7,"column":69}},{"start":{"line":7,"column":69},"end":{"line":7,"column":71}}]},"7":{"loc":{"start":{"line":7,"column":54},"end":{"line":7,"column":69}},"type":"binary-expr","locations":[{"start":{"line":7,"column":54},"end":{"line":7,"column":69}},{"start":{"line":7,"column":65},"end":{"line":7,"column":69}}]},"8":{"loc":{"start":{"line":7,"column":73},"end":{"line":7,"column":90}},"type":"cond-expr","locations":[{"start":{"line":7,"column":84},"end":{"line":7,"column":88}},{"start":{"line":7,"column":88},"end":{"line":7,"column":90}}]},"9":{"loc":{"start":{"line":7,"column":73},"end":{"line":7,"column":88}},"type":"binary-expr","locations":[{"start":{"line":7,"column":73},"end":{"line":7,"column":88}},{"start":{"line":7,"column":84},"end":{"line":7,"column":88}}]},"10":{"loc":{"start":{"line":8,"column":12},"end":{"line":8,"column":36}},"type":"cond-expr","locations":[{"start":{"line":8,"column":30},"end":{"line":8,"column":34}},{"start":{"line":8,"column":34},"end":{"line":8,"column":36}}]},"11":{"loc":{"start":{"line":8,"column":12},"end":{"line":8,"column":34}},"type":"binary-expr","locations":[{"start":{"line":8,"column":12},"end":{"line":8,"column":34}},{"start":{"line":8,"column":30},"end":{"line":8,"column":34}}]}},"s":{"0":2,"1":2,"2":3,"3":3,"4":8,"5":2,"6":2},"f":{"0":3,"1":8},"b":{"0":[8,0],"1":[8,8],"2":[8,0],"3":[8,8],"4":[6,2],"5":[8,6],"6":[4,4],"7":[8,4],"8":[6,2],"9":[8,6],"10":[2,6],"11":[8,2]}}
,"D:\\Applications\\Personal\\Node\\node-boardingpass-sorter\\tests\\testData.ts": {"path":"D:\\Applications\\Personal\\Node\\node-boardingpass-sorter\\tests\\testData.ts","statementMap":{"0":{"start":{"line":1,"column":0},"end":{"line":1,"column":30}},"1":{"start":{"line":3,"column":13},"end":{"line":44,"column":null}},"2":{"start":{"line":46,"column":15},"end":{"line":46,"column":null}},"3":{"start":{"line":48,"column":15},"end":{"line":48,"column":88}}},"fnMap":{},"branchMap":{"0":{"loc":{"start":{"line":48,"column":32},"end":{"line":48,"column":61}},"type":"binary-expr","locations":[{"start":{"line":48,"column":32},"end":{"line":48,"column":55}},{"start":{"line":48,"column":59},"end":{"line":48,"column":61}}]},"1":{"loc":{"start":{"line":48,"column":63},"end":{"line":48,"column":86}},"type":"binary-expr","locations":[{"start":{"line":48,"column":63},"end":{"line":48,"column":80}},{"start":{"line":48,"column":84},"end":{"line":48,"column":86}}]}},"s":{"0":2,"1":2,"2":2,"3":2},"f":{},"b":{"0":[2,0],"1":[2,0]}}
}
