TN:
SF:app.ts
FN:10,(anonymous_1)
FNF:1
FNH:0
FNDA:0,(anonymous_1)
DA:1,1
DA:2,1
DA:4,1
DA:7,1
DA:8,1
DA:10,1
DA:11,0
DA:14,1
LF:8
LH:7
BRF:0
BRH:0
end_of_record
TN:
SF:dist\app.js
FN:2,(anonymous_0)
FN:12,(anonymous_1)
FNF:2
FNH:1
FNDA:2,(anonymous_0)
FNDA:0,(anonymous_1)
DA:2,1
DA:3,2
DA:5,1
DA:6,1
DA:7,1
DA:8,1
DA:10,1
DA:11,1
DA:12,1
DA:13,0
DA:15,1
LF:11
LH:10
BRDA:2,0,0,1
BRDA:2,0,1,1
BRDA:2,0,2,1
BRDA:3,1,0,1
BRDA:3,1,1,1
BRDA:3,2,0,2
BRDA:3,2,1,2
BRF:7
BRH:7
end_of_record
TN:
SF:dist\src\middleware\auth.js
FN:2,(anonymous_0)
FN:8,(anonymous_1)
FNF:2
FNH:2
FNDA:1,(anonymous_0)
FNDA:3,(anonymous_1)
DA:2,1
DA:3,1
DA:5,1
DA:6,1
DA:7,1
DA:8,1
DA:9,3
DA:10,3
DA:11,2
DA:12,2
DA:13,0
DA:15,2
DA:16,2
DA:19,1
DA:25,1
LF:15
LH:14
BRDA:2,0,0,1
BRDA:2,0,1,1
BRDA:2,0,2,1
BRDA:3,1,0,0
BRDA:3,1,1,1
BRDA:3,2,0,1
BRDA:3,2,1,1
BRDA:11,3,0,2
BRDA:11,3,1,0
BRDA:12,4,0,0
BRDA:12,4,1,2
BRDA:21,5,0,1
BRDA:21,5,1,0
BRDA:21,6,0,1
BRDA:21,6,1,0
BRF:15
BRH:10
end_of_record
TN:
SF:dist\src\models\boardingCard.js
FN:6,(anonymous_0)
FN:7,(anonymous_1)
FNF:2
FNH:2
FNDA:8,(anonymous_0)
FNDA:4,(anonymous_1)
DA:2,2
DA:3,2
DA:4,2
DA:7,8
DA:8,4
DA:9,4
DA:11,1
DA:12,1
DA:15,1
DA:16,1
DA:19,2
DA:21,2
DA:23,0
DA:25,4
DA:27,8
DA:28,8
DA:29,8
DA:30,8
DA:31,8
DA:32,8
DA:33,8
DA:34,8
DA:35,8
DA:38,2
LF:24
LH:23
BRDA:9,0,0,1
BRDA:9,0,1,1
BRDA:9,0,2,2
BRDA:9,0,3,0
BRDA:20,1,0,0
BRDA:20,1,1,2
BRF:6
BRH:4
end_of_record
TN:
SF:dist\src\models\enums.js
FN:5,(anonymous_0)
FNF:1
FNH:1
FNDA:2,(anonymous_0)
DA:2,2
DA:3,2
DA:5,2
DA:6,2
DA:7,2
DA:8,2
DA:9,2
LF:7
LH:7
BRDA:10,0,0,2
BRDA:10,0,1,2
BRF:2
BRH:2
end_of_record
TN:
SF:dist\src\routers\sorterController.js
FN:2,(anonymous_0)
FN:6,(anonymous_1)
FN:9,(anonymous_2)
FN:13,(anonymous_3)
FN:15,(anonymous_4)
FN:18,(anonymous_5)
FN:25,(anonymous_6)
FN:34,(anonymous_7)
FN:42,(anonymous_8)
FNF:9
FNH:7
FNDA:11,(anonymous_0)
FNDA:1,(anonymous_1)
FNDA:0,(anonymous_2)
FNDA:1,(anonymous_3)
FNDA:0,(anonymous_4)
FNDA:1,(anonymous_5)
FNDA:1,(anonymous_6)
FNDA:2,(anonymous_7)
FNDA:4,(anonymous_8)
DA:2,1
DA:3,11
DA:4,11
DA:5,11
DA:6,11
DA:8,11
DA:10,0
DA:11,0
DA:13,1
DA:14,1
DA:16,0
DA:18,1
DA:19,1
DA:20,1
DA:21,11
DA:22,1
DA:23,1
DA:25,1
DA:26,1
DA:28,1
DA:29,1
DA:30,1
DA:31,1
DA:32,1
DA:33,1
DA:34,1
DA:35,2
DA:36,2
DA:37,0
DA:38,2
DA:39,1
DA:40,1
DA:41,0
DA:42,1
DA:43,4
DA:45,1
DA:46,1
DA:47,1
DA:50,1
DA:53,1
LF:40
LH:35
BRDA:2,0,0,1
BRDA:2,0,1,1
BRDA:2,0,2,1
BRDA:2,1,0,1
BRDA:2,1,1,0
BRDA:3,2,0,11
BRDA:3,2,1,0
BRDA:5,3,0,11
BRDA:5,3,1,0
BRDA:5,4,0,11
BRDA:5,4,1,11
BRDA:5,5,0,0
BRDA:5,5,1,11
BRDA:5,6,0,11
BRDA:5,6,1,0
BRDA:10,7,0,0
BRDA:10,7,1,0
BRDA:13,8,0,1
BRDA:13,8,1,1
BRDA:13,8,2,1
BRDA:13,9,0,1
BRDA:13,9,1,0
BRDA:18,10,0,1
BRDA:18,10,1,1
BRDA:18,10,2,1
BRDA:19,11,0,0
BRDA:19,11,1,1
BRDA:19,12,0,1
BRDA:19,12,1,1
BRDA:21,13,0,1
BRDA:21,13,1,0
BRDA:21,14,0,11
BRDA:21,14,1,0
BRDA:21,15,0,11
BRDA:21,15,1,11
BRDA:25,16,0,1
BRDA:25,16,1,1
BRDA:25,16,2,1
BRDA:26,17,0,1
BRDA:26,17,1,0
BRDA:26,18,0,1
BRDA:26,18,1,1
BRDA:36,19,0,0
BRDA:36,19,1,2
BRDA:40,20,0,0
BRDA:40,20,1,1
BRF:46
BRH:32
end_of_record
TN:
SF:dist\src\services\sorterService.js
FN:2,(anonymous_0)
FN:9,(anonymous_1)
FN:10,(anonymous_2)
FN:13,(anonymous_3)
FN:13,(anonymous_4)
FN:16,(anonymous_5)
FN:19,(anonymous_6)
FNF:7
FNH:7
FNDA:2,(anonymous_0)
FNDA:2,(anonymous_1)
FNDA:2,(anonymous_2)
FNDA:6,(anonymous_3)
FNDA:22,(anonymous_4)
FNDA:14,(anonymous_5)
FNDA:8,(anonymous_6)
DA:2,2
DA:3,2
DA:5,2
DA:6,2
DA:7,2
DA:10,2
DA:11,2
DA:12,2
DA:13,22
DA:14,2
DA:15,2
DA:16,14
DA:17,6
DA:19,8
DA:23,2
LF:15
LH:15
BRDA:2,0,0,2
BRDA:2,0,1,2
BRDA:2,0,2,2
BRDA:3,1,0,0
BRDA:3,1,1,2
BRDA:3,2,0,2
BRDA:3,2,1,2
BRF:7
BRH:6
end_of_record
TN:
SF:dist\src\utils\getDirection.js
FN:5,(anonymous_0)
FN:7,(anonymous_1)
FNF:2
FNH:2
FNDA:3,(anonymous_0)
FNDA:8,(anonymous_1)
DA:2,2
DA:3,2
DA:4,2
DA:5,2
DA:6,3
DA:7,3
DA:9,8
DA:11,2
DA:13,2
LF:9
LH:9
BRDA:9,0,0,8
BRDA:9,0,1,0
BRDA:9,1,0,8
BRDA:9,1,1,8
BRDA:9,2,0,8
BRDA:9,2,1,0
BRDA:9,3,0,8
BRDA:9,3,1,8
BRDA:9,4,0,6
BRDA:9,4,1,2
BRDA:9,5,0,8
BRDA:9,5,1,6
BRDA:9,6,0,4
BRDA:9,6,1,4
BRDA:9,7,0,8
BRDA:9,7,1,4
BRDA:9,8,0,6
BRDA:9,8,1,2
BRDA:9,9,0,8
BRDA:9,9,1,6
BRDA:9,10,0,2
BRDA:9,10,1,6
BRDA:9,11,0,8
BRDA:9,11,1,2
BRF:24
BRH:22
end_of_record
TN:
SF:dist\tests\testData.js
FN:2,(anonymous_0)
FNF:1
FNH:1
FNDA:2,(anonymous_0)
DA:2,2
DA:3,2
DA:5,2
DA:6,2
DA:7,2
DA:8,2
DA:50,2
DA:51,2
LF:8
LH:8
BRDA:2,0,0,2
BRDA:2,0,1,2
BRDA:2,0,2,2
BRDA:3,1,0,0
BRDA:3,1,1,2
BRDA:3,2,0,2
BRDA:3,2,1,2
BRDA:51,3,0,2
BRDA:51,3,1,0
BRDA:51,4,0,2
BRDA:51,4,1,0
BRF:11
BRH:8
end_of_record
TN:
SF:src\middleware\auth.ts
FN:4,(anonymous_1)
FNF:1
FNH:1
FNDA:3,(anonymous_1)
DA:1,1
DA:2,1
DA:4,1
DA:5,3
DA:6,3
DA:7,2
DA:9,2
DA:10,0
DA:13,2
DA:14,2
DA:16,1
DA:23,1
LF:12
LH:11
BRDA:7,0,0,2
BRDA:7,0,1,0
BRDA:9,1,0,0
BRDA:18,2,0,1
BRDA:18,2,1,0
BRDA:18,3,0,1
BRDA:18,3,1,0
BRF:7
BRH:3
end_of_record
TN:
SF:src\models\boardingCard.ts
FN:14,(anonymous_0)
FN:28,(anonymous_1)
FNF:2
FNH:2
FNDA:8,(anonymous_0)
FNDA:4,(anonymous_1)
DA:1,2
DA:3,2
DA:17,8
DA:18,8
DA:19,8
DA:20,8
DA:21,8
DA:22,8
DA:23,8
DA:24,8
DA:25,8
DA:28,8
DA:29,4
DA:30,4
DA:32,1
DA:33,1
DA:36,1
DA:37,1
DA:40,2
DA:42,2
DA:44,0
DA:46,4
LF:22
LH:21
BRDA:30,0,0,1
BRDA:30,0,1,1
BRDA:30,0,2,2
BRDA:30,0,3,0
BRDA:41,1,0,0
BRDA:41,1,1,2
BRF:6
BRH:4
end_of_record
TN:
SF:src\models\enums.ts
FN:1,(anonymous_0)
FNF:1
FNH:1
FNDA:2,(anonymous_0)
DA:1,2
DA:2,2
DA:3,2
DA:4,2
DA:5,2
LF:5
LH:5
BRDA:1,0,0,2
BRDA:1,0,1,2
BRF:2
BRH:2
end_of_record
TN:
SF:src\routers\sorterController.ts
FN:9,(anonymous_7)
FN:20,(anonymous_8)
FNF:2
FNH:2
FNDA:2,(anonymous_7)
FNDA:4,(anonymous_8)
DA:1,1
DA:2,1
DA:3,1
DA:4,1
DA:7,1
DA:9,1
DA:10,2
DA:11,2
DA:12,0
DA:14,2
DA:15,1
DA:17,1
DA:18,0
DA:20,1
DA:21,4
DA:24,1
DA:25,1
DA:27,1
DA:30,1
DA:36,1
LF:20
LH:18
BRDA:11,0,0,0
BRDA:17,1,0,0
BRF:2
BRH:0
end_of_record
TN:
SF:src\services\sorterService.ts
FN:4,(anonymous_1)
FN:5,(anonymous_2)
FN:9,(anonymous_3)
FN:9,(anonymous_4)
FN:14,(anonymous_5)
FN:18,(anonymous_6)
FNF:6
FNH:6
FNDA:2,(anonymous_1)
FNDA:2,(anonymous_2)
FNDA:6,(anonymous_3)
FNDA:22,(anonymous_4)
FNDA:14,(anonymous_5)
FNDA:8,(anonymous_6)
DA:1,2
DA:4,2
DA:5,2
DA:6,2
DA:7,2
DA:9,22
DA:10,2
DA:12,2
DA:14,14
DA:15,6
DA:18,8
LF:11
LH:11
BRF:0
BRH:0
end_of_record
TN:
SF:src\utils\getDirection.ts
FN:3,(anonymous_0)
FN:5,(anonymous_1)
FNF:2
FNH:2
FNDA:3,(anonymous_0)
FNDA:8,(anonymous_1)
DA:1,2
DA:3,2
DA:4,3
DA:5,3
DA:6,8
DA:10,2
LF:6
LH:6
BRDA:6,0,0,8
BRDA:6,0,1,0
BRDA:6,1,0,8
BRDA:6,1,1,8
BRDA:6,2,0,8
BRDA:6,2,1,0
BRDA:6,3,0,8
BRDA:6,3,1,8
BRDA:7,4,0,6
BRDA:7,4,1,2
BRDA:7,5,0,8
BRDA:7,5,1,6
BRDA:7,6,0,4
BRDA:7,6,1,4
BRDA:7,7,0,8
BRDA:7,7,1,4
BRDA:7,8,0,6
BRDA:7,8,1,2
BRDA:7,9,0,8
BRDA:7,9,1,6
BRDA:8,10,0,2
BRDA:8,10,1,6
BRDA:8,11,0,8
BRDA:8,11,1,2
BRF:24
BRH:22
end_of_record
TN:
SF:tests\testData.ts
FNF:0
FNH:0
DA:1,2
DA:3,2
DA:46,2
DA:48,2
LF:4
LH:4
BRDA:48,0,0,2
BRDA:48,0,1,0
BRDA:48,1,0,2
BRDA:48,1,1,0
BRF:4
BRH:2
end_of_record
